./handlr/handlr.toml
./starship.toml
./rofi
./rofi/config.rasi
./mgba
./mgba/qt.ini
./mgba/library.sqlite3
./mgba/config.ini
./mgba/nointro.sqlite3
./picom
./picom/picom.conf
./gtk-3.0
./gtk-3.0/bookmarks
./polybar
./polybar/multi-monitor.sh
./polybar/config.ini
./mimeapps.list
./autostart
./autostart/discord-stable.desktop
./autostart/mullvad-vpn.desktop
./autostart/copyq.desktop
./btop
./btop/themes
./btop/btop.conf
./wired
./wired/wired.ron
./fish
./fish/fish_variables
./fish/config.fish
./fish/completions
./fish/completions/nvm.fish
./fish/completions/fisher.fish
./fish/fish_plugins
./fish/themes
./fish/functions
./fish/functions/_nvm_version_activate.fish
./fish/functions/edit-config.fish
./fish/functions/neofetch.fish
./fish/functions/speedtest.fish
./fish/functions/randomize-wallpapers.fish
./fish/functions/_nvm_index_update.fish
./fish/functions/gs.fish
./fish/functions/fix-bg.fish
./fish/functions/nvm.fish
./fish/functions/disable-caps.fish
./fish/functions/d.fish
./fish/functions/dcss-28.fish
./fish/functions/_nvm_list.fish
./fish/functions/_nvm_version_deactivate.fish
./fish/functions/battery-level.fish
./fish/functions/backup.fish
./fish/functions/battery-info.fish
./fish/functions/gtg.fish
./fish/functions/find.fish
./fish/functions/lg.fish
./fish/functions/yay-clean-packages.fish
./fish/functions/gp.fish
./fish/functions/fisher.fish
./fish/conf.d
./fish/conf.d/nvm.fish
./fish/conf.d/omf.fish
./kitty
./kitty/kitty.conf
./copiedConfigFiles.log
./i3status
./i3status/config
./alacritty
./alacritty/alacritty.yml.bak
./alacritty/alacritty.yml.bak.2
./alacritty/alacritty.yml
./antimicrox
./antimicrox/antimicrox_settings.ini
./antimicrox/layouts
./antimicrox/layouts/WiiUPro.gamecontroller.amgp
./omf
./omf/theme
./omf/bundle
./omf/channel
./flameshot
./flameshot/flameshot.ini
./i3
./i3/i3AutoWorkspace.sh
./i3/config
